<?xml version="1.0" encoding="UTF-8"?>
<!-- Generated by org.testng.reporters.JUnitReportReporter -->
<testsuite hostname="DESKTOP-MP8OG4E" failures="0" tests="4" name="com.employeeapi.testCases.Post_DataDriven_excel" time="2.747" errors="0" timestamp="29 Dec 2020 19:04:46 GMT" skipped="0">
  <testcase classname="com.employeeapi.testCases.Post_DataDriven_excel" name="post_001" time="0.330"/>
  <testcase classname="com.employeeapi.testCases.Post_DataDriven_excel" name="post_001" time="0.351"/>
  <testcase classname="com.employeeapi.testCases.Post_DataDriven_excel" name="post_001" time="0.357"/>
  <testcase classname="com.employeeapi.testCases.Post_DataDriven_excel" name="post_001" time="1.709"/>
</testsuite> <!-- com.employeeapi.testCases.Post_DataDriven_excel -->
