<?xml version="1.0" encoding="UTF-8"?>
<!-- Generated by org.testng.reporters.JUnitReportReporter -->
<testsuite hostname="DESKTOP-MP8OG4E" failures="0" tests="3" name="com.employeeapi.testCases.Post_DataDriven_DataProvider" time="1.043" errors="0" timestamp="29 Dec 2020 19:04:46 GMT" skipped="0">
  <testcase classname="com.employeeapi.testCases.Post_DataDriven_DataProvider" name="post_001" time="0.343"/>
  <testcase classname="com.employeeapi.testCases.Post_DataDriven_DataProvider" name="post_001" time="0.341"/>
  <testcase classname="com.employeeapi.testCases.Post_DataDriven_DataProvider" name="post_001" time="0.359"/>
</testsuite> <!-- com.employeeapi.testCases.Post_DataDriven_DataProvider -->
