<?xml version="1.0" encoding="UTF-8"?>
<!-- Generated by org.testng.reporters.JUnitReportReporter -->
<testsuite hostname="DESKTOP-MP8OG4E" failures="0" tests="1" name="com.employeeapi.testCases.Post_SingleData" time="0.325" errors="0" timestamp="29 Dec 2020 19:04:46 GMT" skipped="0">
  <testcase classname="com.employeeapi.testCases.Post_SingleData" name="post_001" time="0.325"/>
</testsuite> <!-- com.employeeapi.testCases.Post_SingleData -->
