<?xml version="1.0" encoding="UTF-8"?>
<!-- Generated by org.testng.reporters.JUnitReportReporter -->
<testsuite hostname="DESKTOP-MP8OG4E" failures="0" tests="4" name="DataDrivenTestCases.Post_DataDriven_excel" time="3.718" errors="0" timestamp="29 Dec 2020 18:19:24 GMT" skipped="0">
  <testcase classname="DataDrivenTestCases.Post_DataDriven_excel" name="post_001" time="0.377"/>
  <testcase classname="DataDrivenTestCases.Post_DataDriven_excel" name="post_001" time="0.357"/>
  <testcase classname="DataDrivenTestCases.Post_DataDriven_excel" name="post_001" time="2.602"/>
  <testcase classname="DataDrivenTestCases.Post_DataDriven_excel" name="post_001" time="0.382"/>
</testsuite> <!-- DataDrivenTestCases.Post_DataDriven_excel -->
